12-12 11:28:34 com_github_MitjaNemec_PlaceFootprints.action_place_footprints 378:Plugin executed on: 'darwin'
12-12 11:28:34 com_github_MitjaNemec_PlaceFootprints.action_place_footprints 379:Plugin executed with python version: '3.8.2 (v3.8.2:7b3ab5921f, Feb 24 2020, 17:52:18) \n[Clang 6.0 (clang-600.0.57)]'
12-12 11:28:34 com_github_MitjaNemec_PlaceFootprints.action_place_footprints 380:KiCad build version: (6.0.7-1)-1
12-12 11:28:34 com_github_MitjaNemec_PlaceFootprints.action_place_footprints 381:Plugin version: 1.2.5
12-12 11:28:34 com_github_MitjaNemec_PlaceFootprints.action_place_footprints 382:Frame repr: <wx._core.Frame object at 0x7fa2610ab160>
12-12 11:28:34 com_github_MitjaNemec_PlaceFootprints.place_footprints 121:getting a list of all footprints on board
12-12 11:28:34 com_github_MitjaNemec_PlaceFootprints.place_footprints 148:Footprint H4 on root level
12-12 11:28:34 com_github_MitjaNemec_PlaceFootprints.place_footprints 148:Footprint H3 on root level
12-12 11:28:34 com_github_MitjaNemec_PlaceFootprints.place_footprints 148:Footprint J2 on root level
12-12 11:28:34 com_github_MitjaNemec_PlaceFootprints.place_footprints 148:Footprint J4 on root level
12-12 11:28:34 com_github_MitjaNemec_PlaceFootprints.place_footprints 148:Footprint H5 on root level
12-12 11:28:34 com_github_MitjaNemec_PlaceFootprints.place_footprints 148:Footprint H2 on root level
12-12 11:28:34 com_github_MitjaNemec_PlaceFootprints.place_footprints 148:Footprint H1 on root level
12-12 11:28:34 com_github_MitjaNemec_PlaceFootprints.place_footprints 148:Footprint J3 on root level
12-12 11:28:34 com_github_MitjaNemec_PlaceFootprints.place_footprints 148:Footprint J1 on root level
12-12 11:28:36 com_github_MitjaNemec_PlaceFootprints.action_place_footprints 570:Reference designator is: C
12-12 11:28:36 com_github_MitjaNemec_PlaceFootprints.action_place_footprints 571:Reference number is: 38
12-12 11:28:36 com_github_MitjaNemec_PlaceFootprints.action_place_footprints 603:Sorted and filtered list:
['C1', 'C2', 'C3', 'C4', 'C5', 'C6', 'C7', 'C8', 'C9', 'C10', 'C11', 'C12', 'C13', 'C14', 'C15', 'C16', 'C17', 'C18', 'C19', 'C20', 'C21', 'C22', 'C23', 'C24', 'C25', 'C26', 'C27', 'C28', 'C29', 'C30', 'C31', 'C32', 'C33', 'C34', 'C35', 'C36', 'C37', 'C38', 'C39', 'C40', 'C41', 'C42', 'C43', 'C44', 'C45', 'C46', 'C47', 'C48', 'C49', 'C50', 'C51', 'C52', 'C53', 'C54', 'C55', 'C56', 'C57', 'C58', 'C59', 'C60', 'C61', 'C62', 'C63', 'C64', 'C65', 'C66']
12-12 11:28:51 com_github_MitjaNemec_PlaceFootprints.action_place_footprints 641:Footprints to place:
['C38', 'C39', 'C40', 'C41', 'C42', 'C43', 'C44', 'C45']
12-12 11:28:51 com_github_MitjaNemec_PlaceFootprints.place_footprints 296:Starting placing with linear layout
12-12 11:28:51 com_github_MitjaNemec_PlaceFootprints.action_place_footprints 685:Placing complete
